{"E:\\Namaste-React\\src\\components\\Body.js": {"path":"E:\\Namaste-React\\src\\components\\Body.js","statementMap":{"0":{"start":{"line":8,"column":13},"end":{"line":112,"column":1}},"1":{"start":{"line":9,"column":50},"end":{"line":9,"column":62}},"2":{"start":{"line":10,"column":54},"end":{"line":10,"column":66}},"3":{"start":{"line":11,"column":38},"end":{"line":11,"column":50}},"4":{"start":{"line":13,"column":27},"end":{"line":13,"column":54}},"5":{"start":{"line":15,"column":2},"end":{"line":17,"column":9}},"6":{"start":{"line":16,"column":4},"end":{"line":16,"column":16}},"7":{"start":{"line":19,"column":20},"end":{"line":35,"column":3}},"8":{"start":{"line":20,"column":17},"end":{"line":22,"column":5}},"9":{"start":{"line":24,"column":17},"end":{"line":24,"column":34}},"10":{"start":{"line":28,"column":4},"end":{"line":30,"column":6}},"11":{"start":{"line":31,"column":4},"end":{"line":33,"column":6}},"12":{"start":{"line":37,"column":17},"end":{"line":37,"column":34}},"13":{"start":{"line":39,"column":40},"end":{"line":39,"column":63}},"14":{"start":{"line":41,"column":2},"end":{"line":41,"column":80}},"15":{"start":{"line":41,"column":24},"end":{"line":41,"column":80}},"16":{"start":{"line":43,"column":2},"end":{"line":111,"column":4}},"17":{"start":{"line":55,"column":29},"end":{"line":55,"column":58}},"18":{"start":{"line":61,"column":39},"end":{"line":65,"column":15}},"19":{"start":{"line":62,"column":16},"end":{"line":64,"column":53}},"20":{"start":{"line":66,"column":14},"end":{"line":66,"column":56}},"21":{"start":{"line":77,"column":39},"end":{"line":79,"column":15}},"22":{"start":{"line":78,"column":25},"end":{"line":78,"column":50}},"23":{"start":{"line":80,"column":14},"end":{"line":80,"column":56}},"24":{"start":{"line":92,"column":29},"end":{"line":92,"column":56}},"25":{"start":{"line":98,"column":10},"end":{"line":107,"column":17}}},"fnMap":{"0":{"name":"(anonymous_0)","decl":{"start":{"line":8,"column":13},"end":{"line":8,"column":14}},"loc":{"start":{"line":8,"column":19},"end":{"line":112,"column":1}},"line":8},"1":{"name":"(anonymous_1)","decl":{"start":{"line":15,"column":12},"end":{"line":15,"column":13}},"loc":{"start":{"line":15,"column":18},"end":{"line":17,"column":3}},"line":15},"2":{"name":"(anonymous_2)","decl":{"start":{"line":19,"column":20},"end":{"line":19,"column":21}},"loc":{"start":{"line":19,"column":32},"end":{"line":35,"column":3}},"line":19},"3":{"name":"(anonymous_3)","decl":{"start":{"line":55,"column":22},"end":{"line":55,"column":23}},"loc":{"start":{"line":55,"column":29},"end":{"line":55,"column":58}},"line":55},"4":{"name":"(anonymous_4)","decl":{"start":{"line":60,"column":21},"end":{"line":60,"column":22}},"loc":{"start":{"line":60,"column":27},"end":{"line":67,"column":13}},"line":60},"5":{"name":"(anonymous_5)","decl":{"start":{"line":61,"column":63},"end":{"line":61,"column":64}},"loc":{"start":{"line":62,"column":16},"end":{"line":64,"column":53}},"line":62},"6":{"name":"(anonymous_6)","decl":{"start":{"line":76,"column":21},"end":{"line":76,"column":22}},"loc":{"start":{"line":76,"column":27},"end":{"line":81,"column":13}},"line":76},"7":{"name":"(anonymous_7)","decl":{"start":{"line":78,"column":16},"end":{"line":78,"column":17}},"loc":{"start":{"line":78,"column":25},"end":{"line":78,"column":50}},"line":78},"8":{"name":"(anonymous_8)","decl":{"start":{"line":92,"column":22},"end":{"line":92,"column":23}},"loc":{"start":{"line":92,"column":29},"end":{"line":92,"column":56}},"line":92},"9":{"name":"(anonymous_9)","decl":{"start":{"line":97,"column":32},"end":{"line":97,"column":33}},"loc":{"start":{"line":98,"column":10},"end":{"line":107,"column":17}},"line":98}},"branchMap":{"0":{"loc":{"start":{"line":41,"column":2},"end":{"line":41,"column":80}},"type":"if","locations":[{"start":{"line":41,"column":2},"end":{"line":41,"column":80}},{"start":{},"end":{}}],"line":41},"1":{"loc":{"start":{"line":43,"column":9},"end":{"line":111,"column":3}},"type":"cond-expr","locations":[{"start":{"line":44,"column":4},"end":{"line":44,"column":15}},{"start":{"line":46,"column":4},"end":{"line":110,"column":10}}],"line":43},"2":{"loc":{"start":{"line":102,"column":13},"end":{"line":106,"column":13}},"type":"cond-expr","locations":[{"start":{"line":103,"column":14},"end":{"line":103,"column":55}},{"start":{"line":105,"column":14},"end":{"line":105,"column":53}}],"line":102}},"s":{"0":1,"1":4,"2":4,"3":4,"4":4,"5":4,"6":1,"7":4,"8":1,"9":1,"10":1,"11":1,"12":4,"13":4,"14":4,"15":0,"16":4,"17":1,"18":1,"19":8,"20":1,"21":0,"22":0,"23":0,"24":0,"25":16},"f":{"0":4,"1":1,"2":1,"3":1,"4":1,"5":8,"6":0,"7":0,"8":0,"9":16},"b":{"0":[0,4],"1":[1,3],"2":[0,16]},"_coverageSchema":"1a1c01bbd47fc00a2c39e90264f33305004495a9","hash":"7dc057f347589896309784d6b336bee063cda6c2"}
,"E:\\Namaste-React\\src\\components\\Cart.js": {"path":"E:\\Namaste-React\\src\\components\\Cart.js","statementMap":{"0":{"start":{"line":5,"column":13},"end":{"line":35,"column":1}},"1":{"start":{"line":6,"column":22},"end":{"line":6,"column":62}},"2":{"start":{"line":6,"column":45},"end":{"line":6,"column":61}},"3":{"start":{"line":7,"column":4},"end":{"line":7,"column":27}},"4":{"start":{"line":9,"column":4},"end":{"line":9,"column":133}},"5":{"start":{"line":9,"column":32},"end":{"line":9,"column":133}},"6":{"start":{"line":13,"column":21},"end":{"line":13,"column":34}},"7":{"start":{"line":15,"column":28},"end":{"line":17,"column":5}},"8":{"start":{"line":16,"column":8},"end":{"line":16,"column":30}},"9":{"start":{"line":20,"column":4},"end":{"line":34,"column":6}}},"fnMap":{"0":{"name":"(anonymous_0)","decl":{"start":{"line":5,"column":13},"end":{"line":5,"column":14}},"loc":{"start":{"line":5,"column":19},"end":{"line":35,"column":1}},"line":5},"1":{"name":"(anonymous_1)","decl":{"start":{"line":6,"column":34},"end":{"line":6,"column":35}},"loc":{"start":{"line":6,"column":45},"end":{"line":6,"column":61}},"line":6},"2":{"name":"(anonymous_2)","decl":{"start":{"line":15,"column":28},"end":{"line":15,"column":29}},"loc":{"start":{"line":15,"column":34},"end":{"line":17,"column":5}},"line":15}},"branchMap":{"0":{"loc":{"start":{"line":9,"column":4},"end":{"line":9,"column":133}},"type":"if","locations":[{"start":{"line":9,"column":4},"end":{"line":9,"column":133}},{"start":{},"end":{}}],"line":9}},"s":{"0":1,"1":3,"2":4,"3":2,"4":2,"5":1,"6":1,"7":1,"8":0,"9":1},"f":{"0":3,"1":4,"2":0},"b":{"0":[1,1]},"_coverageSchema":"1a1c01bbd47fc00a2c39e90264f33305004495a9","hash":"a91db31fc68ce8345f0562d91830799d2ff4458f"}
,"E:\\Namaste-React\\src\\components\\Contact.js": {"path":"E:\\Namaste-React\\src\\components\\Contact.js","statementMap":{"0":{"start":{"line":1,"column":16},"end":{"line":12,"column":1}},"1":{"start":{"line":2,"column":4},"end":{"line":11,"column":5}}},"fnMap":{"0":{"name":"(anonymous_0)","decl":{"start":{"line":1,"column":16},"end":{"line":1,"column":17}},"loc":{"start":{"line":1,"column":22},"end":{"line":12,"column":1}},"line":1}},"branchMap":{},"s":{"0":1,"1":4},"f":{"0":4},"b":{},"_coverageSchema":"1a1c01bbd47fc00a2c39e90264f33305004495a9","hash":"7802abf100bb9dcdb4ee70346a68071c48894126"}
,"E:\\Namaste-React\\src\\components\\Header.js": {"path":"E:\\Namaste-React\\src\\components\\Header.js","statementMap":{"0":{"start":{"line":8,"column":15},"end":{"line":52,"column":1}},"1":{"start":{"line":10,"column":34},"end":{"line":10,"column":52}},"2":{"start":{"line":13,"column":27},"end":{"line":13,"column":50}},"3":{"start":{"line":15,"column":23},"end":{"line":15,"column":40}},"4":{"start":{"line":18,"column":20},"end":{"line":18,"column":60}},"5":{"start":{"line":18,"column":43},"end":{"line":18,"column":59}},"6":{"start":{"line":20,"column":2},"end":{"line":51,"column":4}},"7":{"start":{"line":44,"column":50},"end":{"line":44,"column":120}}},"fnMap":{"0":{"name":"(anonymous_0)","decl":{"start":{"line":8,"column":15},"end":{"line":8,"column":16}},"loc":{"start":{"line":8,"column":21},"end":{"line":52,"column":1}},"line":8},"1":{"name":"(anonymous_1)","decl":{"start":{"line":18,"column":32},"end":{"line":18,"column":33}},"loc":{"start":{"line":18,"column":43},"end":{"line":18,"column":59}},"line":18},"2":{"name":"(anonymous_2)","decl":{"start":{"line":44,"column":44},"end":{"line":44,"column":45}},"loc":{"start":{"line":44,"column":50},"end":{"line":44,"column":120}},"line":44}},"branchMap":{"0":{"loc":{"start":{"line":28,"column":29},"end":{"line":28,"column":55}},"type":"cond-expr","locations":[{"start":{"line":28,"column":44},"end":{"line":28,"column":48}},{"start":{"line":28,"column":51},"end":{"line":28,"column":55}}],"line":28},"1":{"loc":{"start":{"line":44,"column":50},"end":{"line":44,"column":120}},"type":"cond-expr","locations":[{"start":{"line":44,"column":74},"end":{"line":44,"column":96}},{"start":{"line":44,"column":99},"end":{"line":44,"column":120}}],"line":44}},"s":{"0":2,"1":5,"2":5,"3":5,"4":5,"5":9,"6":5,"7":1},"f":{"0":5,"1":9,"2":1},"b":{"0":[5,0],"1":[1,0]},"_coverageSchema":"1a1c01bbd47fc00a2c39e90264f33305004495a9","hash":"f9d1a303acbc69e7e3517050bacf0049d59433fe"}
,"E:\\Namaste-React\\src\\components\\ItemList.js": {"path":"E:\\Namaste-React\\src\\components\\ItemList.js","statementMap":{"0":{"start":{"line":5,"column":17},"end":{"line":64,"column":1}},"1":{"start":{"line":6,"column":21},"end":{"line":6,"column":34}},"2":{"start":{"line":8,"column":23},"end":{"line":11,"column":5}},"3":{"start":{"line":10,"column":8},"end":{"line":10,"column":32}},"4":{"start":{"line":12,"column":4},"end":{"line":63,"column":6}},"5":{"start":{"line":17,"column":16},"end":{"line":60,"column":22}},"6":{"start":{"line":41,"column":55},"end":{"line":41,"column":71}}},"fnMap":{"0":{"name":"(anonymous_0)","decl":{"start":{"line":5,"column":17},"end":{"line":5,"column":18}},"loc":{"start":{"line":5,"column":32},"end":{"line":64,"column":1}},"line":5},"1":{"name":"(anonymous_1)","decl":{"start":{"line":8,"column":23},"end":{"line":8,"column":24}},"loc":{"start":{"line":8,"column":33},"end":{"line":11,"column":5}},"line":8},"2":{"name":"(anonymous_2)","decl":{"start":{"line":16,"column":23},"end":{"line":16,"column":24}},"loc":{"start":{"line":17,"column":16},"end":{"line":60,"column":22}},"line":17},"3":{"name":"(anonymous_3)","decl":{"start":{"line":41,"column":49},"end":{"line":41,"column":50}},"loc":{"start":{"line":41,"column":55},"end":{"line":41,"column":71}},"line":41}},"branchMap":{"0":{"loc":{"start":{"line":27,"column":33},"end":{"line":29,"column":64}},"type":"cond-expr","locations":[{"start":{"line":28,"column":38},"end":{"line":28,"column":71}},{"start":{"line":29,"column":38},"end":{"line":29,"column":64}}],"line":27},"1":{"loc":{"start":{"line":35,"column":33},"end":{"line":45,"column":33}},"type":"cond-expr","locations":[{"start":{"line":36,"column":36},"end":{"line":36,"column":38}},{"start":{"line":38,"column":36},"end":{"line":44,"column":45}}],"line":35},"2":{"loc":{"start":{"line":47,"column":29},"end":{"line":57,"column":29}},"type":"cond-expr","locations":[{"start":{"line":48,"column":32},"end":{"line":50,"column":39}},{"start":{"line":52,"column":32},"end":{"line":56,"column":34}}],"line":47}},"s":{"0":1,"1":2,"2":2,"3":1,"4":2,"5":21,"6":1},"f":{"0":2,"1":1,"2":21,"3":1},"b":{"0":[9,12],"1":[0,21],"2":[0,21]},"_coverageSchema":"1a1c01bbd47fc00a2c39e90264f33305004495a9","hash":"5e66f29443511498e4583c71c7348ba27fd72e2b"}
,"E:\\Namaste-React\\src\\components\\RestaruantCard.js": {"path":"E:\\Namaste-React\\src\\components\\RestaruantCard.js","statementMap":{"0":{"start":{"line":5,"column":23},"end":{"line":31,"column":1}},"1":{"start":{"line":7,"column":22},"end":{"line":7,"column":27}},"2":{"start":{"line":8,"column":76},"end":{"line":8,"column":88}},"3":{"start":{"line":10,"column":15},"end":{"line":10,"column":38}},"4":{"start":{"line":12,"column":2},"end":{"line":30,"column":4}},"5":{"start":{"line":33,"column":27},"end":{"line":44,"column":1}},"6":{"start":{"line":34,"column":2},"end":{"line":43,"column":4}},"7":{"start":{"line":35,"column":4},"end":{"line":42,"column":5}}},"fnMap":{"0":{"name":"(anonymous_0)","decl":{"start":{"line":5,"column":23},"end":{"line":5,"column":24}},"loc":{"start":{"line":5,"column":34},"end":{"line":31,"column":1}},"line":5},"1":{"name":"(anonymous_1)","decl":{"start":{"line":33,"column":27},"end":{"line":33,"column":28}},"loc":{"start":{"line":33,"column":47},"end":{"line":44,"column":1}},"line":33},"2":{"name":"(anonymous_2)","decl":{"start":{"line":34,"column":9},"end":{"line":34,"column":10}},"loc":{"start":{"line":34,"column":20},"end":{"line":43,"column":3}},"line":34}},"branchMap":{},"s":{"0":2,"1":17,"2":17,"3":17,"4":17,"5":2,"6":4,"7":0},"f":{"0":17,"1":4,"2":0},"b":{},"_coverageSchema":"1a1c01bbd47fc00a2c39e90264f33305004495a9","hash":"afd61049eeaaf5da242066586b06faa7a2bdd2b8"}
,"E:\\Namaste-React\\src\\components\\RestaruantMenu.js": {"path":"E:\\Namaste-React\\src\\components\\RestaruantMenu.js","statementMap":{"0":{"start":{"line":7,"column":23},"end":{"line":59,"column":1}},"1":{"start":{"line":9,"column":38},"end":{"line":9,"column":52}},"2":{"start":{"line":11,"column":24},"end":{"line":13,"column":5}},"3":{"start":{"line":12,"column":8},"end":{"line":12,"column":72}},"4":{"start":{"line":12,"column":36},"end":{"line":12,"column":70}},"5":{"start":{"line":16,"column":22},"end":{"line":16,"column":33}},"6":{"start":{"line":18,"column":20},"end":{"line":18,"column":44}},"7":{"start":{"line":20,"column":4},"end":{"line":20,"column":45}},"8":{"start":{"line":20,"column":26},"end":{"line":20,"column":45}},"9":{"start":{"line":24,"column":8},"end":{"line":24,"column":83}},"10":{"start":{"line":27,"column":8},"end":{"line":31,"column":9}},"11":{"start":{"line":29,"column":16},"end":{"line":30,"column":78}},"12":{"start":{"line":33,"column":4},"end":{"line":33,"column":39}},"13":{"start":{"line":33,"column":20},"end":{"line":33,"column":39}},"14":{"start":{"line":36,"column":8},"end":{"line":36,"column":43}},"15":{"start":{"line":38,"column":4},"end":{"line":58,"column":6}},"16":{"start":{"line":49,"column":16},"end":{"line":55,"column":18}},"17":{"start":{"line":52,"column":40},"end":{"line":52,"column":59}},"18":{"start":{"line":54,"column":39},"end":{"line":54,"column":57}}},"fnMap":{"0":{"name":"(anonymous_0)","decl":{"start":{"line":7,"column":23},"end":{"line":7,"column":24}},"loc":{"start":{"line":7,"column":29},"end":{"line":59,"column":1}},"line":7},"1":{"name":"(anonymous_1)","decl":{"start":{"line":11,"column":24},"end":{"line":11,"column":25}},"loc":{"start":{"line":11,"column":35},"end":{"line":13,"column":5}},"line":11},"2":{"name":"(anonymous_2)","decl":{"start":{"line":12,"column":21},"end":{"line":12,"column":22}},"loc":{"start":{"line":12,"column":36},"end":{"line":12,"column":70}},"line":12},"3":{"name":"(anonymous_3)","decl":{"start":{"line":28,"column":12},"end":{"line":28,"column":13}},"loc":{"start":{"line":29,"column":16},"end":{"line":30,"column":78}},"line":29},"4":{"name":"(anonymous_4)","decl":{"start":{"line":48,"column":28},"end":{"line":48,"column":29}},"loc":{"start":{"line":49,"column":16},"end":{"line":55,"column":18}},"line":49},"5":{"name":"(anonymous_5)","decl":{"start":{"line":52,"column":34},"end":{"line":52,"column":35}},"loc":{"start":{"line":52,"column":40},"end":{"line":52,"column":59}},"line":52},"6":{"name":"(anonymous_6)","decl":{"start":{"line":54,"column":33},"end":{"line":54,"column":34}},"loc":{"start":{"line":54,"column":39},"end":{"line":54,"column":57}},"line":54}},"branchMap":{"0":{"loc":{"start":{"line":12,"column":36},"end":{"line":12,"column":70}},"type":"cond-expr","locations":[{"start":{"line":12,"column":58},"end":{"line":12,"column":62}},{"start":{"line":12,"column":65},"end":{"line":12,"column":70}}],"line":12},"1":{"loc":{"start":{"line":20,"column":4},"end":{"line":20,"column":45}},"type":"if","locations":[{"start":{"line":20,"column":4},"end":{"line":20,"column":45}},{"start":{},"end":{}}],"line":20},"2":{"loc":{"start":{"line":33,"column":4},"end":{"line":33,"column":39}},"type":"if","locations":[{"start":{"line":33,"column":4},"end":{"line":33,"column":39}},{"start":{},"end":{}}],"line":33}},"s":{"0":1,"1":3,"2":3,"3":1,"4":1,"5":3,"6":3,"7":3,"8":1,"9":2,"10":2,"11":32,"12":2,"13":0,"14":2,"15":2,"16":24,"17":0,"18":1},"f":{"0":3,"1":1,"2":1,"3":32,"4":24,"5":0,"6":1},"b":{"0":[0,1],"1":[1,2],"2":[0,2]},"_coverageSchema":"1a1c01bbd47fc00a2c39e90264f33305004495a9","hash":"d93e4bcc38390216fcb0d99ba1effa88fb56e657"}
,"E:\\Namaste-React\\src\\components\\sum.js": {"path":"E:\\Namaste-React\\src\\components\\sum.js","statementMap":{"0":{"start":{"line":1,"column":19},"end":{"line":3,"column":1}},"1":{"start":{"line":2,"column":4},"end":{"line":2,"column":17}}},"fnMap":{"0":{"name":"(anonymous_0)","decl":{"start":{"line":1,"column":19},"end":{"line":1,"column":20}},"loc":{"start":{"line":1,"column":29},"end":{"line":3,"column":1}},"line":1}},"branchMap":{},"s":{"0":1,"1":1},"f":{"0":1},"b":{},"_coverageSchema":"1a1c01bbd47fc00a2c39e90264f33305004495a9","hash":"f43bb470deac87fcc11ef33a2837dcc5a5d59990"}
,"E:\\Namaste-React\\src\\utils\\appStore.js": {"path":"E:\\Namaste-React\\src\\utils\\appStore.js","statementMap":{"0":{"start":{"line":4,"column":17},"end":{"line":8,"column":2}}},"fnMap":{},"branchMap":{},"s":{"0":2},"f":{},"b":{},"_coverageSchema":"1a1c01bbd47fc00a2c39e90264f33305004495a9","hash":"74278eb5e0bb9c3ce633b1aee7d9831e36b56265"}
}
