TN:
SF:src\components\Body.js
FN:8,(anonymous_0)
FN:15,(anonymous_1)
FN:19,(anonymous_2)
FN:55,(anonymous_3)
FN:60,(anonymous_4)
FN:61,(anonymous_5)
FN:76,(anonymous_6)
FN:78,(anonymous_7)
FN:92,(anonymous_8)
FN:97,(anonymous_9)
FNF:10
FNH:7
FNDA:4,(anonymous_0)
FNDA:1,(anonymous_1)
FNDA:1,(anonymous_2)
FNDA:1,(anonymous_3)
FNDA:1,(anonymous_4)
FNDA:8,(anonymous_5)
FNDA:0,(anonymous_6)
FNDA:0,(anonymous_7)
FNDA:0,(anonymous_8)
FNDA:16,(anonymous_9)
DA:8,1
DA:9,4
DA:10,4
DA:11,4
DA:13,4
DA:15,4
DA:16,1
DA:19,4
DA:20,1
DA:24,1
DA:28,1
DA:31,1
DA:37,4
DA:39,4
DA:41,4
DA:43,4
DA:55,1
DA:61,1
DA:62,8
DA:66,1
DA:77,0
DA:78,0
DA:80,0
DA:92,0
DA:98,16
LF:25
LH:21
BRDA:41,0,0,0
BRDA:41,0,1,4
BRDA:43,1,0,1
BRDA:43,1,1,3
BRDA:102,2,0,0
BRDA:102,2,1,16
BRF:6
BRH:4
end_of_record
TN:
SF:src\components\Cart.js
FN:5,(anonymous_0)
FN:6,(anonymous_1)
FN:15,(anonymous_2)
FNF:3
FNH:2
FNDA:3,(anonymous_0)
FNDA:4,(anonymous_1)
FNDA:0,(anonymous_2)
DA:5,1
DA:6,4
DA:7,2
DA:9,2
DA:13,1
DA:15,1
DA:16,0
DA:20,1
LF:8
LH:7
BRDA:9,0,0,1
BRDA:9,0,1,1
BRF:2
BRH:2
end_of_record
TN:
SF:src\components\Contact.js
FN:1,(anonymous_0)
FNF:1
FNH:1
FNDA:4,(anonymous_0)
DA:1,1
DA:2,4
LF:2
LH:2
BRF:0
BRH:0
end_of_record
TN:
SF:src\components\Header.js
FN:8,(anonymous_0)
FN:18,(anonymous_1)
FN:44,(anonymous_2)
FNF:3
FNH:3
FNDA:5,(anonymous_0)
FNDA:9,(anonymous_1)
FNDA:1,(anonymous_2)
DA:8,2
DA:10,5
DA:13,5
DA:15,5
DA:18,9
DA:20,5
DA:44,1
LF:7
LH:7
BRDA:28,0,0,5
BRDA:28,0,1,0
BRDA:44,1,0,1
BRDA:44,1,1,0
BRF:4
BRH:2
end_of_record
TN:
SF:src\components\ItemList.js
FN:5,(anonymous_0)
FN:8,(anonymous_1)
FN:16,(anonymous_2)
FN:41,(anonymous_3)
FNF:4
FNH:4
FNDA:2,(anonymous_0)
FNDA:1,(anonymous_1)
FNDA:21,(anonymous_2)
FNDA:1,(anonymous_3)
DA:5,1
DA:6,2
DA:8,2
DA:10,1
DA:12,2
DA:17,21
DA:41,1
LF:7
LH:7
BRDA:27,0,0,9
BRDA:27,0,1,12
BRDA:35,1,0,0
BRDA:35,1,1,21
BRDA:47,2,0,0
BRDA:47,2,1,21
BRF:6
BRH:4
end_of_record
TN:
SF:src\components\RestaruantCard.js
FN:5,(anonymous_0)
FN:33,(anonymous_1)
FN:34,(anonymous_2)
FNF:3
FNH:2
FNDA:17,(anonymous_0)
FNDA:4,(anonymous_1)
FNDA:0,(anonymous_2)
DA:5,2
DA:7,17
DA:8,17
DA:10,17
DA:12,17
DA:33,2
DA:34,4
DA:35,0
LF:8
LH:7
BRF:0
BRH:0
end_of_record
TN:
SF:src\components\RestaruantMenu.js
FN:7,(anonymous_0)
FN:11,(anonymous_1)
FN:12,(anonymous_2)
FN:28,(anonymous_3)
FN:48,(anonymous_4)
FN:52,(anonymous_5)
FN:54,(anonymous_6)
FNF:7
FNH:6
FNDA:3,(anonymous_0)
FNDA:1,(anonymous_1)
FNDA:1,(anonymous_2)
FNDA:32,(anonymous_3)
FNDA:24,(anonymous_4)
FNDA:0,(anonymous_5)
FNDA:1,(anonymous_6)
DA:7,1
DA:9,3
DA:11,3
DA:12,1
DA:16,3
DA:18,3
DA:20,3
DA:24,2
DA:27,2
DA:29,32
DA:33,2
DA:36,2
DA:38,2
DA:49,24
DA:52,0
DA:54,1
LF:16
LH:15
BRDA:12,0,0,0
BRDA:12,0,1,1
BRDA:20,1,0,1
BRDA:20,1,1,2
BRDA:33,2,0,0
BRDA:33,2,1,2
BRF:6
BRH:4
end_of_record
TN:
SF:src\components\sum.js
FN:1,(anonymous_0)
FNF:1
FNH:1
FNDA:1,(anonymous_0)
DA:1,1
DA:2,1
LF:2
LH:2
BRF:0
BRH:0
end_of_record
TN:
SF:src\utils\appStore.js
FNF:0
FNH:0
DA:4,2
LF:1
LH:1
BRF:0
BRH:0
end_of_record
